DEBUG:urllib3.connectionpool:Starting new HTTPS connection (1): economia.awesomeapi.com.br:443
DEBUG:urllib3.connectionpool:https://economia.awesomeapi.com.br:443 "GET /json/all HTTP/11" 200 None
DEBUG:urllib3.connectionpool:Starting new HTTPS connection (1): economia.awesomeapi.com.br:443
DEBUG:urllib3.connectionpool:https://economia.awesomeapi.com.br:443 "GET /json/daily/-BRL/?start_date=20241105&end_date=20241105 HTTP/11" 404 None
DEBUG:urllib3.connectionpool:Starting new HTTPS connection (1): economia.awesomeapi.com.br:443
DEBUG:urllib3.connectionpool:https://economia.awesomeapi.com.br:443 "GET /json/daily/-BRL/?start_date=20240511&end_date=20240511 HTTP/11" 404 None
DEBUG:urllib3.connectionpool:Starting new HTTPS connection (1): economia.awesomeapi.com.br:443
DEBUG:urllib3.connectionpool:https://economia.awesomeapi.com.br:443 "GET /json/daily/CAD-BRL/?start_date=20241105&end_date=20241105 HTTP/11" 200 None
DEBUG:urllib3.connectionpool:Starting new HTTPS connection (1): economia.awesomeapi.com.br:443
DEBUG:urllib3.connectionpool:https://economia.awesomeapi.com.br:443 "GET /json/daily/CAD-BRL/?start_date=20240511&end_date=20240511 HTTP/11" 200 None
DEBUG:urllib3.connectionpool:Starting new HTTPS connection (1): economia.awesomeapi.com.br:443
DEBUG:urllib3.connectionpool:https://economia.awesomeapi.com.br:443 "GET /json/daily/CAD-BRL/?start_date=20241101&end_date=20241101 HTTP/11" 200 None
DEBUG:urllib3.connectionpool:Starting new HTTPS connection (1): economia.awesomeapi.com.br:443
DEBUG:urllib3.connectionpool:https://economia.awesomeapi.com.br:443 "GET /json/daily/CAD-BRL/?start_date=20240111&end_date=20240111 HTTP/11" 200 None
DEBUG:urllib3.connectionpool:Starting new HTTPS connection (1): economia.awesomeapi.com.br:443
DEBUG:urllib3.connectionpool:https://economia.awesomeapi.com.br:443 "GET /json/daily/CAD-BRL/?start_date=20240805&end_date=20240805 HTTP/11" 200 None
DEBUG:urllib3.connectionpool:Starting new HTTPS connection (1): economia.awesomeapi.com.br:443
DEBUG:urllib3.connectionpool:https://economia.awesomeapi.com.br:443 "GET /json/daily/CAD-BRL/?start_date=20240508&end_date=20240508 HTTP/11" 200 None
DEBUG:urllib3.connectionpool:Starting new HTTPS connection (1): economia.awesomeapi.com.br:443
DEBUG:urllib3.connectionpool:https://economia.awesomeapi.com.br:443 "GET /json/daily/EUR-BRL/?start_date=20241107&end_date=20241107 HTTP/11" 200 None
DEBUG:urllib3.connectionpool:Starting new HTTPS connection (1): economia.awesomeapi.com.br:443
DEBUG:urllib3.connectionpool:https://economia.awesomeapi.com.br:443 "GET /json/daily/USD-BRL/?start_date=20241107&end_date=20241107 HTTP/11" 200 None
DEBUG:urllib3.connectionpool:Starting new HTTPS connection (1): economia.awesomeapi.com.br:443
DEBUG:urllib3.connectionpool:https://economia.awesomeapi.com.br:443 "GET /json/daily/BTC-BRL/?start_date=20241107&end_date=20241107 HTTP/11" 200 None
